c:\vs\rdt-win-student\rdt-win-student\stopwait\debug\stopwait.pch
c:\vs\rdt-win-student\rdt-win-student\stopwait\debug\vc141.pdb
c:\vs\rdt-win-student\rdt-win-student\stopwait\debug\vc141.idb
c:\vs\rdt-win-student\rdt-win-student\stopwait\debug\stdafx.obj
c:\vs\rdt-win-student\rdt-win-student\stopwait\debug\gbnreceiver.obj
c:\vs\rdt-win-student\rdt-win-student\stopwait\debug\gbnsender.obj
c:\vs\rdt-win-student\rdt-win-student\stopwait\debug\srreceiver.obj
c:\vs\rdt-win-student\rdt-win-student\stopwait\debug\srsender.obj
c:\vs\rdt-win-student\rdt-win-student\stopwait\debug\stopwait.obj
c:\vs\rdt-win-student\rdt-win-student\stopwait\debug\stopwaitrdtreceiver.obj
c:\vs\rdt-win-student\rdt-win-student\stopwait\debug\stopwaitrdtsender.obj
c:\vs\rdt-win-student\rdt-win-student\stopwait\debug\tcpreceiver.obj
c:\vs\rdt-win-student\rdt-win-student\stopwait\debug\tcpsender.obj
c:\vs\rdt-win-student\rdt-win-student\stopwait\debug\stopwait.ilk
c:\vs\rdt-win-student\rdt-win-student\stopwait\debug\stopwait.exe
c:\vs\rdt-win-student\rdt-win-student\stopwait\debug\stopwait.pdb
c:\vs\rdt-win-student\rdt-win-student\stopwait\debug\stopwait.tlog\cl.command.1.tlog
c:\vs\rdt-win-student\rdt-win-student\stopwait\debug\stopwait.tlog\cl.read.1.tlog
c:\vs\rdt-win-student\rdt-win-student\stopwait\debug\stopwait.tlog\cl.write.1.tlog
c:\vs\rdt-win-student\rdt-win-student\stopwait\debug\stopwait.tlog\link.command.1.tlog
c:\vs\rdt-win-student\rdt-win-student\stopwait\debug\stopwait.tlog\link.read.1.tlog
c:\vs\rdt-win-student\rdt-win-student\stopwait\debug\stopwait.tlog\link.write.1.tlog
